<?xml version="1.0" encoding="UTF-8"?>
<testsuite name="com.revature.services.UserServiceTest" tests="1" skipped="0" failures="0" errors="0" timestamp="2022-02-09T20:13:21" hostname="DESKTOP-67QGC74" time="0.001">
  <properties/>
  <testcase name="testGetUserById" classname="com.revature.services.UserServiceTest" time="0.001"/>
  <system-out><![CDATA[]]></system-out>
  <system-err><![CDATA[]]></system-err>
</testsuite>
